This file contains any messages produced by compilers while
running configure, to aid debugging if configure makes a mistake.

It was created by Jupiter configure 1.0, which was
generated by GNU Autoconf 2.69.  Invocation command line was

  $ ./configure 

## --------- ##
## Platform. ##
## --------- ##

hostname = dacao-Vostro-23-3340
uname -m = x86_64
uname -r = 5.4.0-67-generic
uname -s = Linux
uname -v = #75-Ubuntu SMP Fri Feb 19 18:03:38 UTC 2021

/usr/bin/uname -p = unknown
/bin/uname -X     = unknown

/bin/arch              = unknown
/usr/bin/arch -k       = unknown
/usr/convex/getsysinfo = unknown
/usr/bin/hostinfo      = unknown
/bin/machine           = unknown
/usr/bin/oslevel       = unknown
/bin/universe          = unknown

PATH: /home/dacao/.local/bin
PATH: /usr/local/sbin
PATH: /usr/local/bin
PATH: /usr/sbin
PATH: /usr/bin
PATH: /sbin
PATH: /bin
PATH: /usr/games
PATH: /usr/local/games
PATH: /snap/bin


## ----------- ##
## Core tests. ##
## ----------- ##

configure:2037: checking for gcc
configure:2053: found /usr/bin/gcc
configure:2064: result: gcc
configure:2293: checking for C compiler version
configure:2302: gcc --version >&5
gcc (Ubuntu 9.3.0-17ubuntu1~20.04) 9.3.0
Copyright (C) 2019 Free Software Foundation, Inc.
This is free software; see the source for copying conditions.  There is NO
warranty; not even for MERCHANTABILITY or FITNESS FOR A PARTICULAR PURPOSE.

configure:2313: $? = 0
configure:2302: gcc -v >&5
Using built-in specs.
COLLECT_GCC=gcc
COLLECT_LTO_WRAPPER=/usr/lib/gcc/x86_64-linux-gnu/9/lto-wrapper
OFFLOAD_TARGET_NAMES=nvptx-none:hsa
OFFLOAD_TARGET_DEFAULT=1
Target: x86_64-linux-gnu
Configured with: ../src/configure -v --with-pkgversion='Ubuntu 9.3.0-17ubuntu1~20.04' --with-bugurl=file:///usr/share/doc/gcc-9/README.Bugs --enable-languages=c,ada,c++,go,brig,d,fortran,objc,obj-c++,gm2 --prefix=/usr --with-gcc-major-version-only --program-suffix=-9 --program-prefix=x86_64-linux-gnu- --enable-shared --enable-linker-build-id --libexecdir=/usr/lib --without-included-gettext --enable-threads=posix --libdir=/usr/lib --enable-nls --enable-clocale=gnu --enable-libstdcxx-debug --enable-libstdcxx-time=yes --with-default-libstdcxx-abi=new --enable-gnu-unique-object --disable-vtable-verify --enable-plugin --enable-default-pie --with-system-zlib --with-target-system-zlib=auto --enable-objc-gc=auto --enable-multiarch --disable-werror --with-arch-32=i686 --with-abi=m64 --with-multilib-list=m32,m64,mx32 --enable-multilib --with-tune=generic --enable-offload-targets=nvptx-none=/build/gcc-9-HskZEa/gcc-9-9.3.0/debian/tmp-nvptx/usr,hsa --without-cuda-driver --enable-checking=release --build=x86_64-linux-gnu --host=x86_64-linux-gnu --target=x86_64-linux-gnu
Thread model: posix
gcc version 9.3.0 (Ubuntu 9.3.0-17ubuntu1~20.04) 
configure:2313: $? = 0
configure:2302: gcc -V >&5
gcc: error: unrecognized command line option '-V'
gcc: fatal error: no input files
compilation terminated.
configure:2313: $? = 1
configure:2302: gcc -qversion >&5
gcc: error: unrecognized command line option '-qversion'; did you mean '--version'?
gcc: fatal error: no input files
compilation terminated.
configure:2313: $? = 1
configure:2333: checking whether the C compiler works
configure:2355: gcc    conftest.c  >&5
configure:2359: $? = 0
configure:2407: result: yes
configure:2410: checking for C compiler default output file name
configure:2412: result: a.out
configure:2418: checking for suffix of executables
configure:2425: gcc -o conftest    conftest.c  >&5
configure:2429: $? = 0
configure:2451: result: 
configure:2473: checking whether we are cross compiling
configure:2481: gcc -o conftest    conftest.c  >&5
configure:2485: $? = 0
configure:2492: ./conftest
configure:2496: $? = 0
configure:2484: result: no
configure:2489: checking for suffix of object files
configure:2511: gcc -c   conftest.c >&5
configure:2515: $? = 0
configure:2536: result: o
configure:2540: checking whether we are using the GNU C compiler
configure:2559: gcc -c   conftest.c >&5
configure:2559: $? = 0
configure:2568: result: yes
configure:2577: checking whether gcc accepts -g
configure:2597: gcc -c -g  conftest.c >&5
configure:2597: $? = 0
configure:2638: result: yes
configure:2655: checking for gcc option to accept ISO C89
configure:2718: gcc  -c -g -O2  conftest.c >&5
configure:2718: $? = 0
configure:2731: result: none needed
configure:2794: checking for a BSD-compatible install
configure:2862: result: /usr/bin/install -c
configure:2883: checking how to run the C preprocessor
configure:2914: gcc -E  conftest.c
configure:2914: $? = 0
configure:2928: gcc -E  conftest.c
conftest.c:9:10: fatal error: ac_nonexistent.h: No such file or directory
    9 | #include <ac_nonexistent.h>
      |          ^~~~~~~~~~~~~~~~~~
compilation terminated.
configure:2928: $? = 1
configure: failed program was:
| /* confdefs.h */
| #define PACKAGE_NAME "Jupiter"
| #define PACKAGE_TARNAME "jupiter"
| #define PACKAGE_VERSION "1.0"
| #define PACKAGE_STRING "Jupiter 1.0"
| #define PACKAGE_BUGREPORT "jupiter-bugs@example.org"
| #define PACKAGE_URL ""
| /* end confdefs.h.  */
| #include <ac_nonexistent.h>
configure:2953: result: gcc -E
configure:2973: gcc -E  conftest.c
configure:2973: $? = 0
configure:2987: gcc -E  conftest.c
conftest.c:9:10: fatal error: ac_nonexistent.h: No such file or directory
    9 | #include <ac_nonexistent.h>
      |          ^~~~~~~~~~~~~~~~~~
compilation terminated.
configure:2987: $? = 1
configure: failed program was:
| /* confdefs.h */
| #define PACKAGE_NAME "Jupiter"
| #define PACKAGE_TARNAME "jupiter"
| #define PACKAGE_VERSION "1.0"
| #define PACKAGE_STRING "Jupiter 1.0"
| #define PACKAGE_BUGREPORT "jupiter-bugs@example.org"
| #define PACKAGE_URL ""
| /* end confdefs.h.  */
| #include <ac_nonexistent.h>
configure:3016: checking for grep that handles long lines and -e
configure:3074: result: /bin/grep
configure:3079: checking for egrep
configure:3141: result: /bin/grep -E
configure:3146: checking for ANSI C header files
configure:3166: gcc -c -g -O2  conftest.c >&5
configure:3166: $? = 0
configure:3239: gcc -o conftest -g -O2   conftest.c  >&5
configure:3239: $? = 0
configure:3239: ./conftest
configure:3239: $? = 0
configure:3250: result: yes
configure:3263: checking for sys/types.h
configure:3263: gcc -c -g -O2  conftest.c >&5
configure:3263: $? = 0
configure:3263: result: yes
configure:3263: checking for sys/stat.h
configure:3263: gcc -c -g -O2  conftest.c >&5
configure:3263: $? = 0
configure:3263: result: yes
configure:3263: checking for stdlib.h
configure:3263: gcc -c -g -O2  conftest.c >&5
configure:3263: $? = 0
configure:3263: result: yes
configure:3263: checking for string.h
configure:3263: gcc -c -g -O2  conftest.c >&5
configure:3263: $? = 0
configure:3263: result: yes
configure:3263: checking for memory.h
configure:3263: gcc -c -g -O2  conftest.c >&5
configure:3263: $? = 0
configure:3263: result: yes
configure:3263: checking for strings.h
configure:3263: gcc -c -g -O2  conftest.c >&5
configure:3263: $? = 0
configure:3263: result: yes
configure:3263: checking for inttypes.h
configure:3263: gcc -c -g -O2  conftest.c >&5
configure:3263: $? = 0
configure:3263: result: yes
configure:3263: checking for stdint.h
configure:3263: gcc -c -g -O2  conftest.c >&5
configure:3263: $? = 0
configure:3263: result: yes
configure:3263: checking for unistd.h
configure:3263: gcc -c -g -O2  conftest.c >&5
configure:3263: $? = 0
configure:3263: result: yes
configure:3277: checking for stdlib.h
configure:3277: result: yes
configure:3400: creating ./config.status

## ---------------------- ##
## Running config.status. ##
## ---------------------- ##

This file was extended by Jupiter config.status 1.0, which was
generated by GNU Autoconf 2.69.  Invocation command line was

  CONFIG_FILES    = 
  CONFIG_HEADERS  = 
  CONFIG_LINKS    = 
  CONFIG_COMMANDS = 
  $ ./config.status 

on dacao-Vostro-23-3340

config.status:800: creating Makefile
config.status:800: creating src/Makefile
config.status:800: creating config.h

## ---------------- ##
## Cache variables. ##
## ---------------- ##

ac_cv_c_compiler_gnu=yes
ac_cv_env_CC_set=
ac_cv_env_CC_value=
ac_cv_env_CFLAGS_set=
ac_cv_env_CFLAGS_value=
ac_cv_env_CPPFLAGS_set=
ac_cv_env_CPPFLAGS_value=
ac_cv_env_CPP_set=
ac_cv_env_CPP_value=
ac_cv_env_LDFLAGS_set=
ac_cv_env_LDFLAGS_value=
ac_cv_env_LIBS_set=
ac_cv_env_LIBS_value=
ac_cv_env_build_alias_set=
ac_cv_env_build_alias_value=
ac_cv_env_host_alias_set=
ac_cv_env_host_alias_value=
ac_cv_env_target_alias_set=
ac_cv_env_target_alias_value=
ac_cv_header_inttypes_h=yes
ac_cv_header_memory_h=yes
ac_cv_header_stdc=yes
ac_cv_header_stdint_h=yes
ac_cv_header_stdlib_h=yes
ac_cv_header_string_h=yes
ac_cv_header_strings_h=yes
ac_cv_header_sys_stat_h=yes
ac_cv_header_sys_types_h=yes
ac_cv_header_unistd_h=yes
ac_cv_objext=o
ac_cv_path_EGREP='/bin/grep -E'
ac_cv_path_GREP=/bin/grep
ac_cv_path_install='/usr/bin/install -c'
ac_cv_prog_CPP='gcc -E'
ac_cv_prog_ac_ct_CC=gcc
ac_cv_prog_cc_c89=
ac_cv_prog_cc_g=yes

## ----------------- ##
## Output variables. ##
## ----------------- ##

CC='gcc'
CFLAGS='-g -O2'
CPP='gcc -E'
CPPFLAGS=''
DEFS='-DHAVE_CONFIG_H'
ECHO_C=''
ECHO_N='-n'
ECHO_T=''
EGREP='/bin/grep -E'
EXEEXT=''
GREP='/bin/grep'
INSTALL_DATA='${INSTALL} -m 644'
INSTALL_PROGRAM='${INSTALL}'
INSTALL_SCRIPT='${INSTALL}'
LDFLAGS=''
LIBOBJS=''
LIBS=''
LTLIBOBJS=''
OBJEXT='o'
PACKAGE_BUGREPORT='jupiter-bugs@example.org'
PACKAGE_NAME='Jupiter'
PACKAGE_STRING='Jupiter 1.0'
PACKAGE_TARNAME='jupiter'
PACKAGE_URL=''
PACKAGE_VERSION='1.0'
PATH_SEPARATOR=':'
SHELL='/bin/bash'
ac_ct_CC='gcc'
bindir='${exec_prefix}/bin'
build_alias=''
datadir='${datarootdir}'
datarootdir='${prefix}/share'
docdir='${datarootdir}/doc/${PACKAGE_TARNAME}'
dvidir='${docdir}'
exec_prefix='${prefix}'
host_alias=''
htmldir='${docdir}'
includedir='${prefix}/include'
infodir='${datarootdir}/info'
libdir='${exec_prefix}/lib'
libexecdir='${exec_prefix}/libexec'
localedir='${datarootdir}/locale'
localstatedir='${prefix}/var'
mandir='${datarootdir}/man'
oldincludedir='/usr/include'
pdfdir='${docdir}'
prefix='/usr/local'
program_transform_name='s,x,x,'
psdir='${docdir}'
runstatedir='${localstatedir}/run'
sbindir='${exec_prefix}/sbin'
sharedstatedir='${prefix}/com'
sysconfdir='${prefix}/etc'
target_alias=''

## ----------- ##
## confdefs.h. ##
## ----------- ##

/* confdefs.h */
#define PACKAGE_NAME "Jupiter"
#define PACKAGE_TARNAME "jupiter"
#define PACKAGE_VERSION "1.0"
#define PACKAGE_STRING "Jupiter 1.0"
#define PACKAGE_BUGREPORT "jupiter-bugs@example.org"
#define PACKAGE_URL ""
#define STDC_HEADERS 1
#define HAVE_SYS_TYPES_H 1
#define HAVE_SYS_STAT_H 1
#define HAVE_STDLIB_H 1
#define HAVE_STRING_H 1
#define HAVE_MEMORY_H 1
#define HAVE_STRINGS_H 1
#define HAVE_INTTYPES_H 1
#define HAVE_STDINT_H 1
#define HAVE_UNISTD_H 1
#define HAVE_STDLIB_H 1

configure: exit 0
